<?xml version="1.0" encoding="UTF-8"?>
<!-- Generated by org.testng.reporters.JUnitXMLReporter -->
<testsuite hostname="DESKTOP-GC33RJ7" ignored="4" name="Test" tests="4" failures="0" timestamp="21 Apr 2019 15:27:31 GMT" time="0.53" errors="0">
  <testcase name="getDonkeySound" time="0.018" classname="com.fp.tests.TC2"/>
  <testcase name="getCatSound" time="0.019" classname="com.fp.tests.TC1"/>
  <testcase name="getDogSound" time="0.003" classname="com.fp.tests.TC1"/>
  <testcase name="getCowSound" time="0.002" classname="com.fp.tests.TC1"/>
  <testcase name="getCuckooSound" time="0.0" classname="com.fp.tests.TC1">
    <ignored/>
  </testcase> <!-- getCuckooSound -->
  <testcase name="getCrowSound" time="0.0" classname="com.fp.tests.TC2">
    <ignored/>
  </testcase> <!-- getCrowSound -->
  <testcase name="getPigeonSound" time="0.0" classname="com.fp.tests.TC2">
    <ignored/>
  </testcase> <!-- getPigeonSound -->
  <testcase name="getBuffaloSound" time="0.0" classname="com.fp.tests.TC2">
    <ignored/>
  </testcase> <!-- getBuffaloSound -->
</testsuite> <!-- Test -->
