<?xml version="1.0" encoding="UTF-8"?>
<testng-results skipped="0" failed="0" ignored="0" total="1" passed="1">
  <reporter-output>
  </reporter-output>
  <suite name="Default suite" duration-ms="30" started-at="2019-04-24T15:55:33Z" finished-at="2019-04-24T15:55:33Z">
    <groups>
    </groups>
    <test name="Default test" duration-ms="30" started-at="2019-04-24T15:55:33Z" finished-at="2019-04-24T15:55:33Z">
      <class name="com.dunzon.tests.Dunzon_OthersFlow">
        <test-method status="PASS" signature="setup()[pri:0, instance:com.dunzon.tests.Dunzon_OthersFlow@7085bdee]" name="setup" is-config="true" duration-ms="12" started-at="2019-04-24T15:55:33Z" finished-at="2019-04-24T15:55:33Z">
          <reporter-output>
          </reporter-output>
        </test-method> <!-- setup -->
        <test-method status="PASS" signature="runOF()[pri:0, instance:com.dunzon.tests.Dunzon_OthersFlow@7085bdee]" name="runOF" duration-ms="7" started-at="2019-04-24T15:55:33Z" finished-at="2019-04-24T15:55:33Z">
          <reporter-output>
          </reporter-output>
        </test-method> <!-- runOF -->
        <test-method status="FAIL" signature="tearDown()[pri:0, instance:com.dunzon.tests.Dunzon_OthersFlow@7085bdee]" name="tearDown" is-config="true" duration-ms="17" started-at="2019-04-24T15:55:33Z" finished-at="2019-04-24T15:55:33Z">
          <exception class="java.lang.NullPointerException">
            <full-stacktrace>
              <![CDATA[java.lang.NullPointerException
at AppiumTestNG_Framework.ApTest.AppiumServerJava.stopServer(AppiumServerJava.java:75)
at base.AppiumBaseClass.tearDown(AppiumBaseClass.java:31)
at sun.reflect.NativeMethodAccessorImpl.invoke0(Native Method)
at sun.reflect.NativeMethodAccessorImpl.invoke(NativeMethodAccessorImpl.java:62)
at sun.reflect.DelegatingMethodAccessorImpl.invoke(DelegatingMethodAccessorImpl.java:43)
at java.lang.reflect.Method.invoke(Method.java:498)
at org.testng.internal.MethodInvocationHelper.invokeMethod(MethodInvocationHelper.java:124)
at org.testng.internal.MethodInvocationHelper.invokeMethodConsideringTimeout(MethodInvocationHelper.java:59)
at org.testng.internal.Invoker.invokeConfigurationMethod(Invoker.java:458)
at org.testng.internal.Invoker.invokeConfigurations(Invoker.java:222)
at org.testng.internal.Invoker.invokeConfigurations(Invoker.java:142)
at org.testng.SuiteRunner.privateRun(SuiteRunner.java:425)
at org.testng.SuiteRunner.run(SuiteRunner.java:364)
at org.testng.SuiteRunnerWorker.runSuite(SuiteRunnerWorker.java:52)
at org.testng.SuiteRunnerWorker.run(SuiteRunnerWorker.java:84)
at org.testng.TestNG.runSuitesSequentially(TestNG.java:1208)
at org.testng.TestNG.runSuitesLocally(TestNG.java:1137)
at org.testng.TestNG.runSuites(TestNG.java:1049)
at org.testng.TestNG.run(TestNG.java:1017)
at org.testng.remote.AbstractRemoteTestNG.run(AbstractRemoteTestNG.java:114)
at org.testng.remote.RemoteTestNG.initAndRun(RemoteTestNG.java:251)
at org.testng.remote.RemoteTestNG.main(RemoteTestNG.java:77)
]]>
            </full-stacktrace>
          </exception> <!-- java.lang.NullPointerException -->
          <reporter-output>
          </reporter-output>
        </test-method> <!-- tearDown -->
      </class> <!-- com.dunzon.tests.Dunzon_OthersFlow -->
    </test> <!-- Default test -->
  </suite> <!-- Default suite -->
</testng-results>
