<?xml version="1.0" encoding="UTF-8"?>
<!-- Generated by org.testng.reporters.JUnitXMLReporter -->
<testsuite hostname="DESKTOP-GC33RJ7" ignored="0" name="Animal Test" tests="4" failures="0" timestamp="19 Apr 2019 04:24:50 GMT" time="0.056" errors="0">
  <testcase name="getCatSound" time="0.019" classname="com.fp.tests.TC1"/>
  <testcase name="getCowSound" time="0.0" classname="com.fp.tests.TC1"/>
  <testcase name="getCuckooSound" time="0.015" classname="com.fp.tests.TC1"/>
  <testcase name="getDogSound" time="0.0" classname="com.fp.tests.TC1"/>
</testsuite> <!-- Animal Test -->
